<?xml version="1.0" encoding="UTF-8"?>
<!-- Generated by org.testng.reporters.JUnitReportReporter -->
<testsuite hostname="DELL" failures="0" tests="1" name="uiFunctionalTests.Test_Country" time="47.533" errors="0" timestamp="2019-11-26T19:21:22 IST" skipped="0">
  <testcase classname="uiFunctionalTests.Test_Country" name="verifyCountrySelection" time="47.533"/>
</testsuite> <!-- uiFunctionalTests.Test_Country -->
