<?xml version="1.0" encoding="UTF-8"?>
<!-- Generated by org.testng.reporters.JUnitReportReporter -->
<testsuite hostname="DELL" failures="0" tests="1" name="uiFunctionalTests.Test_MainMenu" time="13.041" errors="0" timestamp="2019-12-10T21:30:47 IST" skipped="0">
  <testcase classname="uiFunctionalTests.Test_MainMenu" name="verifyMainMenu" time="13.041"/>
</testsuite> <!-- uiFunctionalTests.Test_MainMenu -->
