<?xml version="1.0" encoding="UTF-8"?>
<!-- Generated by org.testng.reporters.JUnitReportReporter -->
<testsuite hostname="DELL" failures="0" tests="2" name="uiFunctionalTests.Test_BasicInteractions" time="41.754" errors="0" timestamp="2019-12-10T15:02:08 IST" skipped="0">
  <testcase classname="uiFunctionalTests.Test_BasicInteractions" name="interactWithLivi" time="20.848"/>
  <testcase classname="uiFunctionalTests.Test_BasicInteractions" name="interactWithLivi" time="20.906"/>
</testsuite> <!-- uiFunctionalTests.Test_BasicInteractions -->
