<?xml version="1.0" encoding="UTF-8"?>
<!-- Generated by org.testng.reporters.JUnitReportReporter -->
<testsuite hostname="DELL" failures="0" tests="1" name="uiFunctionalTests.Test_Country" time="45.332" errors="0" timestamp="2019-12-11T00:14:10 IST" skipped="0">
  <testcase classname="uiFunctionalTests.Test_Country" name="verifyCountrySelection" time="45.332"/>
</testsuite> <!-- uiFunctionalTests.Test_Country -->
