<?xml version="1.0" encoding="UTF-8"?>
<!-- Generated by org.testng.reporters.JUnitReportReporter -->
<testsuite hostname="DELL" failures="0" tests="1" name="uiFunctionalTests.Test_WebView" time="155.563" errors="0" timestamp="2019-11-26T19:21:22 IST" skipped="0">
  <testcase classname="uiFunctionalTests.Test_WebView" name="verifyButtonsAndLinksSelection" time="155.563"/>
</testsuite> <!-- uiFunctionalTests.Test_WebView -->
