<?xml version="1.0" encoding="UTF-8"?>
<!-- Generated by org.testng.reporters.JUnitReportReporter -->
<testsuite hostname="DELL" failures="0" tests="2" name="uiFunctionalTests.Test_BasicInteractions" time="69.942" errors="0" timestamp="2019-11-27T01:30:32 IST" skipped="0">
  <testcase classname="uiFunctionalTests.Test_BasicInteractions" name="verifyLiviHealth" time="35.046"/>
  <testcase classname="uiFunctionalTests.Test_BasicInteractions" name="verifyLiviHealth" time="34.896"/>
</testsuite> <!-- uiFunctionalTests.Test_BasicInteractions -->
