<?xml version="1.0" encoding="UTF-8"?>
<!-- Generated by org.testng.reporters.JUnitReportReporter -->
<testsuite hostname="DELL" failures="0" tests="5" name="uiFunctionalTests.LiviBasicInteractions" time="45.835" errors="0" timestamp="2019-11-25T03:47:09 IST" skipped="0">
  <testcase classname="uiFunctionalTests.LiviBasicInteractions" name="verifyLiviHealth" time="3.691"/>
  <testcase classname="uiFunctionalTests.LiviBasicInteractions" name="verifyLiviHealth" time="3.868"/>
  <testcase classname="uiFunctionalTests.LiviBasicInteractions" name="verifyLiviHealth" time="30.588"/>
  <testcase classname="uiFunctionalTests.LiviBasicInteractions" name="verifyLiviHealth" time="3.905"/>
  <testcase classname="uiFunctionalTests.LiviBasicInteractions" name="verifyLiviHealth" time="3.783"/>
</testsuite> <!-- uiFunctionalTests.LiviBasicInteractions -->
