<?xml version="1.0" encoding="UTF-8"?>
<!-- Generated by org.testng.reporters.JUnitReportReporter -->
<testsuite hostname="DELL" failures="0" tests="1" name="uiFunctionalTests.Test_WebView" time="81.840" errors="0" timestamp="2019-12-10T14:52:17 IST" skipped="0">
  <testcase classname="uiFunctionalTests.Test_WebView" name="verifyButtonsAndLinksSelection" time="81.840"/>
</testsuite> <!-- uiFunctionalTests.Test_WebView -->
