<?xml version="1.0" encoding="UTF-8"?>
<!-- Generated by org.testng.reporters.JUnitReportReporter -->
<testsuite hostname="DELL" failures="0" tests="5" name="uiFunctionalTests.Test_BasicInteractions" time="131.022" errors="0" timestamp="2019-12-11T01:54:20 IST" skipped="0">
  <testcase classname="uiFunctionalTests.Test_BasicInteractions" name="interactWithLivi" time="26.494"/>
  <testcase classname="uiFunctionalTests.Test_BasicInteractions" name="interactWithLivi" time="25.167"/>
  <testcase classname="uiFunctionalTests.Test_BasicInteractions" name="interactWithLivi" time="27.060"/>
  <testcase classname="uiFunctionalTests.Test_BasicInteractions" name="interactWithLivi" time="25.587"/>
  <testcase classname="uiFunctionalTests.Test_BasicInteractions" name="interactWithLivi" time="26.714"/>
</testsuite> <!-- uiFunctionalTests.Test_BasicInteractions -->
