<?xml version="1.0" encoding="UTF-8"?>
<!-- Generated by org.testng.reporters.JUnitReportReporter -->
<testsuite hostname="DELL" failures="0" tests="1" name="uiFunctionalTests.Test_InfoForm" time="76.690" errors="0" timestamp="2019-12-11T01:54:20 IST" skipped="0">
  <testcase classname="uiFunctionalTests.Test_InfoForm" name="verifyInfoFormSubmission" time="76.690"/>
</testsuite> <!-- uiFunctionalTests.Test_InfoForm -->
